<?xml version="1.0" encoding="UTF-8"?>
<!-- Generated by org.testng.reporters.JUnitReportReporter -->
<testsuite hostname="DESKTOP-PISS8JH" failures="0" tests="2" name="Test.day2" time="0.007" errors="0" timestamp="2024-01-14T14:22:05 IST" skipped="0">
  <testcase classname="Test.day2" name="basics" time="0.005"/>
  <system-out/>
  <testcase classname="Test.day2" name="Weblogin" time="0.002"/>
  <system-out/>
</testsuite> <!-- Test.day2 -->
