<?xml version="1.0" encoding="UTF-8"?>
<!-- Generated by org.testng.reporters.JUnitReportReporter -->
<testsuite hostname="DESKTOP-PISS8JH" failures="0" tests="2" name="Test.Day1" time="0.029" errors="0" timestamp="2024-01-14T14:22:05 IST" skipped="0">
  <testcase classname="Test.Day1" name="secondtest" time="0.009"/>
  <system-out/>
  <testcase classname="Test.Day1" name="Demo" time="0.020"/>
  <system-out/>
</testsuite> <!-- Test.Day1 -->
