<?xml version="1.0" encoding="UTF-8"?>
<!-- Generated by org.testng.reporters.JUnitReportReporter -->
<testsuite hostname="DESKTOP-PISS8JH" failures="0" tests="3" name="Test.day3" time="0.019" errors="0" timestamp="2024-01-14T14:22:05 IST" skipped="0">
  <testcase classname="Test.day3" name="Mobilelogincarloan" time="0.003"/>
  <system-out/>
  <testcase classname="Test.day3" name="Apihomeloan" time="0.003"/>
  <system-out/>
  <testcase classname="Test.day3" name="Mobilesignincarloan" time="0.013"/>
  <system-out/>
</testsuite> <!-- Test.day3 -->
