<?xml version="1.0" encoding="UTF-8"?>
<!-- Generated by org.testng.reporters.JUnitReportReporter -->
<testsuite hostname="DESKTOP-PISS8JH" failures="0" tests="1" name="rahulshettyacademy.pagelanding.StandAloneTest" time="13.490" errors="0" timestamp="2024-04-18T20:57:54 IST" skipped="0">
  <testcase classname="rahulshettyacademy.pagelanding.StandAloneTest" name="Testecommerce" time="13.490"/>
  <system-out/>
</testsuite> <!-- rahulshettyacademy.pagelanding.StandAloneTest -->
