<?xml version="1.0" encoding="UTF-8"?>
<!-- Generated by org.testng.reporters.JUnitReportReporter -->
<testsuite hostname="DESKTOP-PISS8JH" failures="0" tests="1" name="rahulshettyacademy.pagelanding.StandAloneTestng" time="13.309" errors="0" timestamp="2024-04-18T20:58:51 IST" skipped="0">
  <testcase classname="rahulshettyacademy.pagelanding.StandAloneTestng" name="testEcommerceSite" time="13.309"/>
  <system-out/>
</testsuite> <!-- rahulshettyacademy.pagelanding.StandAloneTestng -->
