<?xml version="1.0" encoding="UTF-8"?>
<!-- Generated by org.testng.reporters.JUnitReportReporter -->
<testsuite hostname="DESKTOP-PISS8JH" failures="0" tests="2" name="rahulshettyacademy.pagelanding.Testng" time="0.022" errors="0" timestamp="2024-04-18T20:57:54 IST" skipped="0">
  <testcase classname="rahulshettyacademy.pagelanding.Testng" name="mobile" time="0.021"/>
  <system-out/>
  <testcase classname="rahulshettyacademy.pagelanding.Testng" name="prac" time="0.001"/>
  <system-out/>
</testsuite> <!-- rahulshettyacademy.pagelanding.Testng -->
