<?xml version="1.0" encoding="UTF-8"?>
<!-- Generated by org.testng.reporters.JUnitReportReporter -->
<testsuite hostname="DESKTOP-PISS8JH" failures="0" tests="1" name="Realtime_projects.Registration_page_testNG" time="8.832" errors="0" timestamp="2024-04-27T21:40:02 IST" skipped="0">
  <testcase classname="Realtime_projects.Registration_page_testNG" name="registerUserAndVerifyConfirmation" time="8.832"/>
  <system-out/>
</testsuite> <!-- Realtime_projects.Registration_page_testNG -->
